2025-06-24 16:17:58,389 INFO: Êã ÈÏÁ ÊÔÛíá ÊØÈíŞ TMAM [in e:\tmam\logging_config.py:18]
2025-06-24 16:18:00,766 INFO: Êã ÈÏÁ ÊÔÛíá ÊØÈíŞ TMAM [in e:\tmam\logging_config.py:18]
2025-06-24 16:18:49,596 INFO: Êã ÇÓÊÏÚÇÁ æÙíİÉ ÇáÈÍË [in e:\tmam\modules\attendance\routes.py:475]
2025-06-24 16:18:49,596 INFO: ãÚáãÇÊ ÇáÈÍË: ãä None Åáì 2025-06-24, ŞÓã: 3, ÍÇáÉ: None [in e:\tmam\modules\attendance\routes.py:484]
2025-06-24 16:18:49,605 INFO: Êã ÇáÚËæÑ Úáì 42 ÓÌá [in e:\tmam\modules\attendance\routes.py:537]
2025-06-24 16:18:49,606 ERROR: ÎØÃ İí ÇáÈÍË: Entity namespace for "documents" has no property "record_id" [in e:\tmam\modules\attendance\routes.py:567]
2025-06-24 16:19:04,595 INFO: Êã ÇÓÊÏÚÇÁ æÙíİÉ ÇáÈÍË [in e:\tmam\modules\attendance\routes.py:475]
2025-06-24 16:19:04,597 INFO: ãÚáãÇÊ ÇáÈÍË: ãä None Åáì 2025-06-24, ŞÓã: 3, ÍÇáÉ: None [in e:\tmam\modules\attendance\routes.py:484]
2025-06-24 16:19:04,606 INFO: Êã ÇáÚËæÑ Úáì 42 ÓÌá [in e:\tmam\modules\attendance\routes.py:537]
2025-06-24 16:19:04,607 ERROR: ÎØÃ İí ÇáÈÍË: Entity namespace for "documents" has no property "record_id" [in e:\tmam\modules\attendance\routes.py:567]
2025-06-24 16:19:32,062 INFO: Êã ÇÓÊÏÚÇÁ æÙíİÉ ÇáÈÍË [in e:\tmam\modules\attendance\routes.py:475]
2025-06-24 16:19:32,063 INFO: ãÚáãÇÊ ÇáÈÍË: ãä None Åáì 2025-06-24, ŞÓã: None, ÍÇáÉ: None [in e:\tmam\modules\attendance\routes.py:484]
2025-06-24 16:19:32,075 INFO: Êã ÇáÚËæÑ Úáì 134 ÓÌá [in e:\tmam\modules\attendance\routes.py:537]
2025-06-24 16:19:32,075 ERROR: ÎØÃ İí ÇáÈÍË: Entity namespace for "documents" has no property "record_id" [in e:\tmam\modules\attendance\routes.py:567]
2025-06-24 16:20:44,010 INFO: Êã ÇÓÊÏÚÇÁ æÙíİÉ ÇáÈÍË [in e:\tmam\modules\attendance\routes.py:475]
2025-06-24 16:20:44,011 INFO: ãÚáãÇÊ ÇáÈÍË: ãä None Åáì 2025-06-24, ŞÓã: None, ÍÇáÉ: None [in e:\tmam\modules\attendance\routes.py:484]
2025-06-24 16:20:44,022 INFO: Êã ÇáÚËæÑ Úáì 134 ÓÌá [in e:\tmam\modules\attendance\routes.py:537]
2025-06-24 16:20:44,022 ERROR: ÎØÃ İí ÇáÈÍË: Entity namespace for "documents" has no property "record_id" [in e:\tmam\modules\attendance\routes.py:567]
2025-06-24 16:20:51,346 INFO: Êã ÇÓÊÏÚÇÁ æÙíİÉ ÇáÈÍË [in e:\tmam\modules\attendance\routes.py:475]
2025-06-24 16:20:51,347 INFO: ãÚáãÇÊ ÇáÈÍË: ãä None Åáì 2025-06-24, ŞÓã: None, ÍÇáÉ: None [in e:\tmam\modules\attendance\routes.py:484]
2025-06-24 16:20:51,382 INFO: Êã ÇáÚËæÑ Úáì 134 ÓÌá [in e:\tmam\modules\attendance\routes.py:537]
2025-06-24 16:20:51,383 ERROR: ÎØÃ İí ÇáÈÍË: Entity namespace for "documents" has no property "record_id" [in e:\tmam\modules\attendance\routes.py:567]
2025-06-24 16:26:43,286 INFO: Êã ÇÓÊÏÚÇÁ æÙíİÉ ÇáÈÍË [in e:\tmam\modules\attendance\routes.py:475]
2025-06-24 16:26:43,287 INFO: ãÚáãÇÊ ÇáÈÍË: ãä None Åáì 2025-06-24, ŞÓã: None, ÍÇáÉ: None [in e:\tmam\modules\attendance\routes.py:484]
2025-06-24 16:26:43,303 INFO: Êã ÇáÚËæÑ Úáì 134 ÓÌá [in e:\tmam\modules\attendance\routes.py:537]
2025-06-24 16:26:43,304 ERROR: ÎØÃ İí ÇáÈÍË: Entity namespace for "documents" has no property "record_id" [in e:\tmam\modules\attendance\routes.py:567]
2025-06-24 16:26:54,193 INFO: Êã ÇÓÊÏÚÇÁ æÙíİÉ ÇáÈÍË [in e:\tmam\modules\attendance\routes.py:475]
2025-06-24 16:26:54,194 INFO: ãÚáãÇÊ ÇáÈÍË: ãä None Åáì 2025-06-24, ŞÓã: None, ÍÇáÉ: None [in e:\tmam\modules\attendance\routes.py:484]
2025-06-24 16:26:54,204 INFO: Êã ÇáÚËæÑ Úáì 134 ÓÌá [in e:\tmam\modules\attendance\routes.py:537]
2025-06-24 16:26:54,205 ERROR: ÎØÃ İí ÇáÈÍË: Entity namespace for "documents" has no property "record_id" [in e:\tmam\modules\attendance\routes.py:567]
2025-06-24 16:27:06,455 INFO: Êã ÇÓÊÏÚÇÁ æÙíİÉ ÇáÈÍË [in e:\tmam\modules\attendance\routes.py:475]
2025-06-24 16:27:06,456 INFO: ãÚáãÇÊ ÇáÈÍË: ãä None Åáì 2025-06-24, ŞÓã: None, ÍÇáÉ: None [in e:\tmam\modules\attendance\routes.py:484]
2025-06-24 16:27:06,467 INFO: Êã ÇáÚËæÑ Úáì 134 ÓÌá [in e:\tmam\modules\attendance\routes.py:537]
2025-06-24 16:27:06,468 ERROR: ÎØÃ İí ÇáÈÍË: Entity namespace for "documents" has no property "record_id" [in e:\tmam\modules\attendance\routes.py:567]
2025-06-26 22:42:17,710 INFO: Êã ÈÏÁ ÊÔÛíá ÊØÈíŞ TMAM [in e:\tmam\logging_config.py:18]
2025-06-26 22:42:19,270 INFO: Êã ÈÏÁ ÊÔÛíá ÊØÈíŞ TMAM [in e:\tmam\logging_config.py:18]
2025-06-26 22:42:48,689 INFO: Êã ÇÓÊÏÚÇÁ æÙíİÉ ÇáÈÍË [in e:\tmam\modules\attendance\routes.py:510]
2025-06-26 22:42:48,690 INFO: ãÚáãÇÊ ÇáÈÍË: ãä None Åáì 2025-06-26, ŞÓã: 2, ÍÇáÉ: None [in e:\tmam\modules\attendance\routes.py:519]
2025-06-26 22:42:48,703 INFO: Êã ÇáÚËæÑ Úáì 92 ÓÌá [in e:\tmam\modules\attendance\routes.py:572]
2025-06-26 22:42:48,704 ERROR: ÎØÃ İí ÇáÈÍË: Entity namespace for "documents" has no property "record_id" [in e:\tmam\modules\attendance\routes.py:602]
2025-06-26 22:43:20,124 INFO: Êã ÇÓÊÏÚÇÁ æÙíİÉ ÇáÈÍË [in e:\tmam\modules\attendance\routes.py:510]
2025-06-26 22:43:20,125 INFO: ãÚáãÇÊ ÇáÈÍË: ãä None Åáì 2025-06-26, ŞÓã: None, ÍÇáÉ: None [in e:\tmam\modules\attendance\routes.py:519]
2025-06-26 22:43:20,137 INFO: Êã ÇáÚËæÑ Úáì 134 ÓÌá [in e:\tmam\modules\attendance\routes.py:572]
2025-06-26 22:43:20,138 ERROR: ÎØÃ İí ÇáÈÍË: Entity namespace for "documents" has no property "record_id" [in e:\tmam\modules\attendance\routes.py:602]
2025-06-26 22:43:49,973 INFO: Êã ÇÓÊÏÚÇÁ æÙíİÉ ÇáÈÍË [in e:\tmam\modules\attendance\routes.py:510]
2025-06-26 22:43:49,974 INFO: ãÚáãÇÊ ÇáÈÍË: ãä None Åáì 2025-06-26, ŞÓã: None, ÍÇáÉ: None [in e:\tmam\modules\attendance\routes.py:519]
2025-06-26 22:43:49,984 INFO: Êã ÇáÚËæÑ Úáì 140 ÓÌá [in e:\tmam\modules\attendance\routes.py:572]
2025-06-26 22:43:49,985 ERROR: ÎØÃ İí ÇáÈÍË: Entity namespace for "documents" has no property "record_id" [in e:\tmam\modules\attendance\routes.py:602]
2025-06-26 23:24:41,335 INFO: Êã ÈÏÁ ÊÔÛíá ÊØÈíŞ TMAM [in e:\tmam\logging_config.py:18]
2025-06-26 23:24:43,007 INFO: Êã ÈÏÁ ÊÔÛíá ÊØÈíŞ TMAM [in e:\tmam\logging_config.py:18]
2025-06-26 23:25:32,833 INFO: Êã ÇÓÊÏÚÇÁ æÙíİÉ ÇáÈÍË [in e:\tmam\modules\attendance\routes.py:562]
2025-06-26 23:25:32,834 INFO: ãÚáãÇÊ ÇáÈÍË: ãä None Åáì 2025-06-26, ŞÓã: 3, ÍÇáÉ: None [in e:\tmam\modules\attendance\routes.py:571]
2025-06-26 23:25:32,849 INFO: Êã ÇáÚËæÑ Úáì 44 ÓÌá [in e:\tmam\modules\attendance\routes.py:624]
2025-06-26 23:25:32,850 ERROR: ÎØÃ İí ÇáÈÍË: Entity namespace for "documents" has no property "record_id" [in e:\tmam\modules\attendance\routes.py:654]
2025-06-26 23:25:37,645 INFO: Êã ÇÓÊÏÚÇÁ æÙíİÉ ÇáÈÍË [in e:\tmam\modules\attendance\routes.py:562]
2025-06-26 23:25:37,646 INFO: ãÚáãÇÊ ÇáÈÍË: ãä None Åáì 2025-06-26, ŞÓã: 3, ÍÇáÉ: None [in e:\tmam\modules\attendance\routes.py:571]
2025-06-26 23:25:37,652 INFO: Êã ÇáÚËæÑ Úáì 44 ÓÌá [in e:\tmam\modules\attendance\routes.py:624]
2025-06-26 23:25:37,654 ERROR: ÎØÃ İí ÇáÈÍË: Entity namespace for "documents" has no property "record_id" [in e:\tmam\modules\attendance\routes.py:654]
2025-06-26 23:26:47,133 INFO: Êã ÇÓÊÏÚÇÁ æÙíİÉ ÇáÈÍË [in e:\tmam\modules\attendance\routes.py:562]
2025-06-26 23:26:47,134 INFO: ãÚáãÇÊ ÇáÈÍË: ãä None Åáì 2025-06-26, ŞÓã: None, ÍÇáÉ: None [in e:\tmam\modules\attendance\routes.py:571]
2025-06-26 23:26:47,145 INFO: Êã ÇáÚËæÑ Úáì 140 ÓÌá [in e:\tmam\modules\attendance\routes.py:624]
2025-06-26 23:26:47,146 ERROR: ÎØÃ İí ÇáÈÍË: Entity namespace for "documents" has no property "record_id" [in e:\tmam\modules\attendance\routes.py:654]
2025-06-27 14:54:20,323 INFO: Êã ÈÏÁ ÊÔÛíá ÊØÈíŞ TMAM [in e:\tmam\logging_config.py:18]
2025-06-27 14:54:21,921 INFO: Êã ÈÏÁ ÊÔÛíá ÊØÈíŞ TMAM [in e:\tmam\logging_config.py:18]
2025-06-27 14:58:19,777 INFO: Êã ÇÓÊÏÚÇÁ æÙíİÉ ÇáÈÍË [in e:\tmam\modules\attendance\routes.py:562]
2025-06-27 14:58:19,777 INFO: ãÚáãÇÊ ÇáÈÍË: ãä None Åáì 2025-06-27, ŞÓã: None, ÍÇáÉ: None [in e:\tmam\modules\attendance\routes.py:571]
2025-06-27 14:58:19,793 INFO: Êã ÇáÚËæÑ Úáì 140 ÓÌá [in e:\tmam\modules\attendance\routes.py:624]
2025-06-27 14:58:19,794 ERROR: ÎØÃ İí ÇáÈÍË: Entity namespace for "documents" has no property "record_id" [in e:\tmam\modules\attendance\routes.py:654]
2025-06-27 14:58:47,451 INFO: Êã ÇÓÊÏÚÇÁ æÙíİÉ ÇáÈÍË [in e:\tmam\modules\attendance\routes.py:562]
2025-06-27 14:58:47,453 INFO: ãÚáãÇÊ ÇáÈÍË: ãä None Åáì 2025-06-27, ŞÓã: 2, ÍÇáÉ: None [in e:\tmam\modules\attendance\routes.py:571]
2025-06-27 14:58:47,467 INFO: Êã ÇáÚËæÑ Úáì 100 ÓÌá [in e:\tmam\modules\attendance\routes.py:624]
2025-06-27 14:58:47,468 ERROR: ÎØÃ İí ÇáÈÍË: Entity namespace for "documents" has no property "record_id" [in e:\tmam\modules\attendance\routes.py:654]
2025-06-27 14:59:55,891 INFO: Êã ÇÓÊÏÚÇÁ æÙíİÉ ÇáÈÍË [in e:\tmam\modules\attendance\routes.py:562]
2025-06-27 14:59:55,892 INFO: ãÚáãÇÊ ÇáÈÍË: ãä None Åáì 2025-06-27, ŞÓã: None, ÍÇáÉ: None [in e:\tmam\modules\attendance\routes.py:571]
2025-06-27 14:59:55,902 INFO: Êã ÇáÚËæÑ Úáì 146 ÓÌá [in e:\tmam\modules\attendance\routes.py:624]
2025-06-27 14:59:55,902 ERROR: ÎØÃ İí ÇáÈÍË: Entity namespace for "documents" has no property "record_id" [in e:\tmam\modules\attendance\routes.py:654]
2025-06-27 15:00:59,991 INFO: Êã ÇÓÊÏÚÇÁ æÙíİÉ ÇáÈÍË [in e:\tmam\modules\attendance\routes.py:562]
2025-06-27 15:00:59,992 INFO: ãÚáãÇÊ ÇáÈÍË: ãä 2025-06-13 Åáì 2025-06-27, ŞÓã: None, ÍÇáÉ: None [in e:\tmam\modules\attendance\routes.py:571]
2025-06-27 15:00:59,997 INFO: Êã ÇáÚËæÑ Úáì 54 ÓÌá [in e:\tmam\modules\attendance\routes.py:624]
2025-06-27 15:00:59,997 ERROR: ÎØÃ İí ÇáÈÍË: Entity namespace for "documents" has no property "record_id" [in e:\tmam\modules\attendance\routes.py:654]
